<?xml version="1.0" encoding="UTF-8"?>
<testng-results total="7" passed="7" failed="0" skipped="0">
  <reporter-output>
  </reporter-output>
  <suite started-at="2021-06-03T23:06:06Z" name="Default suite" finished-at="2021-06-03T23:06:17Z" duration-ms="11210">
    <groups>
    </groups>
    <test started-at="2021-06-03T23:06:06Z" name="Default test" finished-at="2021-06-03T23:06:17Z" duration-ms="11210">
      <class name="Capstone.Login_Home_Page">
        <test-method signature="Login()" started-at="2021-06-03T23:06:06Z" name="Login" finished-at="2021-06-03T23:06:17Z" duration-ms="10675" status="PASS">
        </test-method>
        <test-method signature="HomePageVerifyTitle()" started-at="2021-06-03T23:06:17Z" name="HomePageVerifyTitle" finished-at="2021-06-03T23:06:17Z" duration-ms="3" status="PASS">
        </test-method>
        <test-method signature="HomePageVerifyLogo()" started-at="2021-06-03T23:06:17Z" name="HomePageVerifyLogo" finished-at="2021-06-03T23:06:17Z" duration-ms="102" status="PASS">
        </test-method>
        <test-method signature="HomePageDropDownsCount()" started-at="2021-06-03T23:06:17Z" name="HomePageDropDownsCount" finished-at="2021-06-03T23:06:17Z" duration-ms="40" status="PASS">
        </test-method>
        <test-method signature="HomePageDropDownsName()" started-at="2021-06-03T23:06:17Z" name="HomePageDropDownsName" finished-at="2021-06-03T23:06:17Z" duration-ms="169" status="PASS">
        </test-method>
        <test-method signature="VerifyVisitTagHomePagePresence()" started-at="2021-06-03T23:06:17Z" name="VerifyVisitTagHomePagePresence" finished-at="2021-06-03T23:06:17Z" duration-ms="86" status="PASS">
        </test-method>
        <test-method signature="VerifyVisitTagHomePageName()" started-at="2021-06-03T23:06:17Z" name="VerifyVisitTagHomePageName" finished-at="2021-06-03T23:06:17Z" duration-ms="101" status="PASS">
        </test-method>
        <test-method is-config="true" signature="after_suite()" started-at="2021-06-03T23:06:17Z" name="after_suite" finished-at="2021-06-03T23:06:18Z" duration-ms="1171" status="PASS">
        </test-method>
      </class>
    </test>
  </suite>
</testng-results>
