<?xml version="1.0" encoding="UTF-8"?>
<!-- Generated by org.testng.reporters.JUnitXMLReporter -->
<testsuite ignored="0" hostname="Harmanjeet" failures="2" tests="23" name="Test" time="17.054" errors="0" timestamp="16 Jul 2021 21:11:19 GMT">
  <testcase classname="Capstone.Login_Home_Page" name="Login" time="0.024"/>
  <testcase classname="Capstone.Login_Home_Page" name="Login1" time="10.599"/>
  <testcase classname="Capstone.Login_Home_Page" name="HomePageVerifyTitle" time="0.111"/>
  <testcase classname="Capstone.Login_Home_Page" name="HomePageVerifyLogo" time="0.299"/>
  <testcase classname="Capstone.Login_Home_Page" name="HomePageDropDownsCount" time="0.034"/>
  <testcase classname="Capstone.Login_Home_Page" name="HomePageDropDownsName" time="0.366"/>
  <testcase classname="Capstone.Login_Home_Page" name="VerifyVisitTagHomePagePresence" time="0.07"/>
  <testcase classname="Capstone.Login_Home_Page" name="VerifyVisitTagHomePageName" time="0.055"/>
  <testcase classname="Capstone.Login_Home_Page" name="VerifyMyLambtonHomePagePresence" time="0.059"/>
  <testcase classname="Capstone.Login_Home_Page" name="VerifyMyLambtonTagHomePageName" time="0.04"/>
  <testcase classname="Capstone.Login_Home_Page" name="VerifySearchBarHomePagePresence" time="0.045"/>
  <testcase classname="Capstone.Login_Home_Page" name="VerifySearchButtonHomePagePresence" time="0.05"/>
  <testcase classname="Capstone.DropDown_HomePage_Page" name="VerifyFutureStudentDropDownMenu" time="0.772"/>
  <testcase classname="Capstone.DropDown_HomePage_Page" name="VerifyAboutUsDropDownMenu" time="0.646"/>
  <testcase classname="Capstone.DropDown_HomePage_Page" name="VerifyProgramsDownMenu" time="0.669"/>
  <testcase classname="Capstone.DropDown_HomePage_Page" name="VerifyAllServicesDownMenu" time="1.132">
    <failure type="java.lang.AssertionError" message="expected [true] but found [false]">
      <![CDATA[java.lang.AssertionError: expected [true] but found [false]
at Capstone.DropDown_HomePage_Page.VerifyAllServicesDownMenu(DropDown_HomePage_Page.java:48)
... Removed 29 stack frames]]>
    </failure>
  </testcase> <!-- VerifyAllServicesDownMenu -->
  <testcase classname="Capstone.DropDown_HomePage_Page" name="VerifyAddmissionsDownMenu" time="0.479"/>
  <testcase classname="Capstone.DropDown_HomePage_Page" name="VerifyContactsDownMenu" time="0.672">
    <failure type="java.lang.AssertionError" message="expected [true] but found [false]">
      <![CDATA[java.lang.AssertionError: expected [true] but found [false]
at Capstone.DropDown_HomePage_Page.VerifyContactsDownMenu(DropDown_HomePage_Page.java:61)
... Removed 29 stack frames]]>
    </failure>
  </testcase> <!-- VerifyContactsDownMenu -->
  <testcase classname="Capstone.ScrollDown_Page" name="scroll" time="0.085"/>
  <testcase classname="Capstone.ScrollDown_Page" name="All_Program" time="0.053"/>
  <testcase classname="Capstone.ScrollDown_Page" name="Program_categories" time="0.047"/>
  <testcase classname="Capstone.ScrollDown_Page" name="Program_categories_click" time="0.145"/>
  <testcase classname="Capstone.ScrollDown_Page" name="Program_categories_elements" time="0.495"/>
</testsuite> <!-- Test -->
