<?xml version="1.0" encoding="UTF-8"?>
<testsuite hostname="Harmanjeet" failures="0" tests="7" name="Capstone.Login_Home_Page" time="11.21" errors="0" timestamp="4 Jun 2021 03:06:17 GMT">
  <testcase classname="Capstone.Login_Home_Page" name="Login" time="10.675"/>
  <testcase classname="Capstone.Login_Home_Page" name="HomePageVerifyTitle" time="0.003"/>
  <testcase classname="Capstone.Login_Home_Page" name="HomePageVerifyLogo" time="0.102"/>
  <testcase classname="Capstone.Login_Home_Page" name="HomePageDropDownsCount" time="0.04"/>
  <testcase classname="Capstone.Login_Home_Page" name="HomePageDropDownsName" time="0.169"/>
  <testcase classname="Capstone.Login_Home_Page" name="VerifyVisitTagHomePagePresence" time="0.086"/>
  <testcase classname="Capstone.Login_Home_Page" name="VerifyVisitTagHomePageName" time="0.101"/>
</testsuite>
